{
  "RSpec": {
    "coverage": {
      "/Users/judyair/bighippo/projects/patch/app/models/list.rb": [
        1,
        null,
        null
      ],
      "/Users/judyair/bighippo/projects/patch/app/models/user.rb": [
        1,
        1,
        null,
        1,
        1,
        1,
        null,
        1,
        null,
        null,
        1,
        7,
        7,
        7,
        null,
        null,
        1,
        1,
        null
      ],
      "/Users/judyair/bighippo/projects/patch/app/helpers/application_helper.rb": [
        1,
        1,
        1,
        0,
        null,
        null,
        null,
        1,
        0,
        0,
        null,
        null,
        null,
        null,
        null,
        null,
        null,
        0,
        null,
        null
      ],
      "/Users/judyair/bighippo/projects/patch/app/helpers/patches_helper.rb": [
        1,
        null
      ],
      "/Users/judyair/bighippo/projects/patch/app/helpers/posts_helper.rb": [
        1,
        null
      ],
      "/Users/judyair/bighippo/projects/patch/app/helpers/sessions_helper.rb": [
        1,
        null
      ],
      "/Users/judyair/bighippo/projects/patch/app/controllers/lists_controller.rb": [
        1,
        null,
        1,
        2,
        2,
        null,
        null,
        1,
        null,
        1,
        0,
        0,
        null,
        null,
        null,
        1,
        1,
        null,
        null,
        null
      ],
      "/Users/judyair/bighippo/projects/patch/app/controllers/application_controller.rb": [
        1,
        null,
        null,
        1,
        null,
        1,
        null,
        1,
        null,
        null,
        1,
        2,
        null,
        1,
        0,
        null,
        null
      ],
      "/Users/judyair/bighippo/projects/patch/app/controllers/users_controller.rb": [
        1,
        1,
        1,
        null,
        null,
        1,
        1,
        null,
        null,
        1,
        0,
        0,
        0,
        0,
        null,
        0,
        null,
        null,
        null,
        1,
        null,
        1,
        0,
        null,
        null,
        null
      ],
      "/Users/judyair/bighippo/projects/patch/app/controllers/posts_controller.rb": [
        1,
        1,
        1,
        0,
        0,
        0,
        0,
        0,
        null,
        0,
        null,
        null,
        null,
        1,
        null,
        null,
        null,
        1,
        0,
        null,
        null,
        1,
        0,
        0,
        0,
        0,
        0,
        null,
        0,
        0,
        null,
        null,
        null,
        1,
        0,
        0,
        null,
        null,
        1,
        0,
        null,
        null,
        1,
        0,
        null,
        0,
        0,
        null,
        0,
        null,
        null,
        null,
        1,
        0,
        0,
        0,
        null,
        1,
        1,
        0,
        null,
        null
      ],
      "/Users/judyair/bighippo/projects/patch/app/models/post.rb": [
        1,
        1,
        1,
        null
      ]
    },
    "timestamp": 1434494785
  }
}
